<?xml version="1.0" encoding="UTF-8"?>
<!-- Generated by org.testng.reporters.JUnitReportReporter -->
<testsuite hostname="LAPTOP-I3FF954E" failures="0" tests="1" name="testserAPI.RegisterNewUser" time="2.202" errors="0" timestamp="2023-01-05T15:31:37 PST" skipped="0">
  <testcase classname="testserAPI.RegisterNewUser" name="testregisterNewuser" time="2.202"/>
  <system-out/>
</testsuite> <!-- testserAPI.RegisterNewUser -->
