<?xml version="1.0" encoding="UTF-8"?>
<!-- Generated by org.testng.reporters.JUnitReportReporter -->
<testsuite hostname="LAPTOP-I3FF954E" failures="0" tests="1" name="testserAPI.GetUserDetail" time="2.116" errors="0" timestamp="2023-01-05T15:40:13 PST" skipped="0">
  <testcase classname="testserAPI.GetUserDetail" name="testUserDetail" time="2.116"/>
  <system-out/>
</testsuite> <!-- testserAPI.GetUserDetail -->
