<?xml version="1.0" encoding="UTF-8"?>
<!-- Generated by org.testng.reporters.JUnitReportReporter -->
<testsuite hostname="LAPTOP-I3FF954E" failures="0" tests="1" name="testserAPI.TC002_GetUserDetail" time="1.729" errors="0" timestamp="2023-01-09T11:46:32 PST" skipped="0">
  <testcase classname="testserAPI.TC002_GetUserDetail" name="testUserDetail" time="1.729"/>
  <system-out/>
</testsuite> <!-- testserAPI.TC002_GetUserDetail -->
