<?xml version="1.0" encoding="UTF-8"?>
<!-- Generated by org.testng.reporters.JUnitReportReporter -->
<testsuite hostname="LAPTOP-I3FF954E" failures="0" tests="1" name="testbookApi.getBookList" time="3.754" errors="0" timestamp="2023-09-26T15:16:07 PDT" skipped="0">
  <testcase classname="testbookApi.getBookList" name="getAllBookList" time="3.754"/>
  <system-out/>
</testsuite> <!-- testbookApi.getBookList -->
