<?xml version="1.0" encoding="UTF-8"?>
<!-- Generated by org.testng.reporters.JUnitReportReporter -->
<testsuite hostname="LAPTOP-I3FF954E" failures="0" tests="1" name="testbookApi.getBookList" time="1.992" errors="0" timestamp="2023-09-19T10:37:24 PDT" skipped="0">
  <testcase classname="testbookApi.getBookList" name="getAllBookList" time="1.992"/>
  <system-out/>
</testsuite> <!-- testbookApi.getBookList -->
