<?xml version="1.0" encoding="UTF-8"?>
<!-- Generated by org.testng.reporters.JUnitReportReporter -->
<testsuite hostname="LAPTOP-I3FF954E" failures="0" tests="1" name="testbookApi.testUsersData" time="1.774" errors="0" timestamp="2023-09-20T10:16:17 PDT" skipped="0">
  <testcase classname="testbookApi.testUsersData" name="createUser" time="1.774"/>
  <system-out/>
</testsuite> <!-- testbookApi.testUsersData -->
